<?xml version="1.0" encoding="UTF-8"?>
<!-- Generated by org.testng.reporters.JUnitXMLReporter -->
<testsuite ignored="0" hostname="m-wvwpxpwx1x" failures="0" tests="30" name="Surefire test" time="2.04" errors="0" timestamp="2024-05-26T16:37:16 IST">
  <testcase classname="CommentServiceTest" name="testGetUsersWhoLikedCommentWhenThereIsNoEntryInLikeDislike on testGetUsersWhoLikedCommentWhenThereIsNoEntryInLikeDislike(CommentServiceTest)" time="1.552"/>
  <testcase classname="CommentServiceTest" name="testLikeCommentNotFoundException on testLikeCommentNotFoundException(CommentServiceTest)" time="1.555"/>
  <testcase classname="CommentServiceTest" name="testGetUsersWhoDislikedCommentNotFoundException on testGetUsersWhoDislikedCommentNotFoundException(CommentServiceTest)" time="1.558"/>
  <testcase classname="CommentServiceTest" name="testGetUsersWhoLikedComment on testGetUsersWhoLikedComment(CommentServiceTest)" time="1.564"/>
  <testcase classname="CommentServiceTest" name="testDislikeComment on testDislikeComment(CommentServiceTest)" time="1.569"/>
  <testcase classname="CommentServiceTest" name="testGetCommentsException on testGetCommentsException(CommentServiceTest)" time="1.576"/>
  <testcase classname="CommentServiceTest" name="testGetUsersWhoLikedCommentException on testGetUsersWhoLikedCommentException(CommentServiceTest)" time="1.577"/>
  <testcase classname="CommentServiceTest" name="testLikeCommentException on testLikeCommentException(CommentServiceTest)" time="1.58"/>
  <testcase classname="CommentServiceTest" name="testDislikeCommentNotFoundException on testDislikeCommentNotFoundException(CommentServiceTest)" time="1.582"/>
  <testcase classname="CommentServiceTest" name="testGetUsersWhoLikedCommentNotException on testGetUsersWhoLikedCommentNotException(CommentServiceTest)" time="1.585"/>
  <testcase classname="CommentServiceTest" name="testGetUsersWhoDislikedCommentException on testGetUsersWhoDislikedCommentException(CommentServiceTest)" time="1.585"/>
  <testcase classname="CommentServiceTest" name="testGetRepliesException on testGetRepliesException(CommentServiceTest)" time="1.586"/>
  <testcase classname="CommentServiceTest" name="testUpdateCommentNotFound on testUpdateCommentNotFound(CommentServiceTest)" time="1.589"/>
  <testcase classname="CommentServiceTest" name="testAddCommentException on testAddCommentException(CommentServiceTest)" time="1.592"/>
  <testcase classname="CommentServiceTest" name="testDislikeCommentException on testDislikeCommentException(CommentServiceTest)" time="1.592"/>
  <testcase classname="CommentServiceTest" name="testGetComments on testGetComments(CommentServiceTest)" time="1.597"/>
  <testcase classname="CommentServiceTest" name="testUpdateComment on testUpdateComment(CommentServiceTest)" time="1.603"/>
  <testcase classname="CommentServiceTest" name="testGetUsersWhoDislikedComment on testGetUsersWhoDislikedComment(CommentServiceTest)" time="1.606"/>
  <testcase classname="CommentServiceTest" name="testGetReplies on testGetReplies(CommentServiceTest)" time="1.609"/>
  <testcase classname="CommentServiceTest" name="testLikeComment on testLikeComment(CommentServiceTest)" time="1.612"/>
  <testcase classname="CommentServiceTest" name="testAddComment on testAddComment(CommentServiceTest)" time="1.616"/>
  <testcase classname="CommentControllerTest" name="testGetUsersWhoLikedComment on testGetUsersWhoLikedComment(CommentControllerTest)" time="0.19"/>
  <testcase classname="CommentControllerTest" name="testDislikeComment on testDislikeComment(CommentControllerTest)" time="0.192"/>
  <testcase classname="CommentControllerTest" name="testUpdateComment_NotFound on testUpdateComment_NotFound(CommentControllerTest)" time="0.193"/>
  <testcase classname="CommentControllerTest" name="testGetComments on testGetComments(CommentControllerTest)" time="0.194"/>
  <testcase classname="CommentControllerTest" name="testUpdateComment on testUpdateComment(CommentControllerTest)" time="0.195"/>
  <testcase classname="CommentControllerTest" name="testGetUsersWhoDislikedComment on testGetUsersWhoDislikedComment(CommentControllerTest)" time="0.197"/>
  <testcase classname="CommentControllerTest" name="testGetReplies on testGetReplies(CommentControllerTest)" time="0.198"/>
  <testcase classname="CommentControllerTest" name="testLikeComment on testLikeComment(CommentControllerTest)" time="0.199"/>
  <testcase classname="CommentControllerTest" name="testAddComment on testAddComment(CommentControllerTest)" time="0.201"/>
</testsuite> <!-- Surefire test -->
