<?xml version="1.0" encoding="UTF-8"?>
<testsuite xmlns:xsi="http://www.w3.org/2001/XMLSchema-instance" xsi:noNamespaceSchemaLocation="https://maven.apache.org/surefire/maven-surefire-plugin/xsd/surefire-test-report.xsd" name="TestSuite" time="3.307" tests="30" errors="0" skipped="0" failures="0">
  <properties>
[...]
</properties>
  <testcase name="testGetUsersWhoLikedCommentWhenThereIsNoEntryInLikeDislike on testGetUsersWhoLikedCommentWhenThereIsNoEntryInLikeDislike(CommentServiceTest)" classname="CommentServiceTest" time="0.908"/>
  <testcase name="testLikeCommentNotFoundException on testLikeCommentNotFoundException(CommentServiceTest)" classname="CommentServiceTest" time="0.001"/>
  <testcase name="testGetUsersWhoDislikedCommentNotFoundException on testGetUsersWhoDislikedCommentNotFoundException(CommentServiceTest)" classname="CommentServiceTest" time="0.004"/>
  <testcase name="testGetUsersWhoLikedComment on testGetUsersWhoLikedComment(CommentServiceTest)" classname="CommentServiceTest" time="0.005"/>
  <testcase name="testDislikeComment on testDislikeComment(CommentServiceTest)" classname="CommentServiceTest" time="0.006"/>
  <testcase name="testGetCommentsException on testGetCommentsException(CommentServiceTest)" classname="CommentServiceTest" time="0.008"/>
  <testcase name="testGetUsersWhoLikedCommentException on testGetUsersWhoLikedCommentException(CommentServiceTest)" classname="CommentServiceTest" time="0.001"/>
  <testcase name="testLikeCommentException on testLikeCommentException(CommentServiceTest)" classname="CommentServiceTest" time="0.002"/>
  <testcase name="testDislikeCommentNotFoundException on testDislikeCommentNotFoundException(CommentServiceTest)" classname="CommentServiceTest" time="0.002"/>
  <testcase name="testGetUsersWhoLikedCommentNotException on testGetUsersWhoLikedCommentNotException(CommentServiceTest)" classname="CommentServiceTest" time="0.003"/>
  <testcase name="testGetUsersWhoDislikedCommentException on testGetUsersWhoDislikedCommentException(CommentServiceTest)" classname="CommentServiceTest" time="0.001"/>
  <testcase name="testGetRepliesException on testGetRepliesException(CommentServiceTest)" classname="CommentServiceTest" time="0.002"/>
  <testcase name="testUpdateCommentNotFound on testUpdateCommentNotFound(CommentServiceTest)" classname="CommentServiceTest" time="0.002"/>
  <testcase name="testAddCommentException on testAddCommentException(CommentServiceTest)" classname="CommentServiceTest" time="0.002"/>
  <testcase name="testDislikeCommentException on testDislikeCommentException(CommentServiceTest)" classname="CommentServiceTest" time="0.002"/>
  <testcase name="testGetComments on testGetComments(CommentServiceTest)" classname="CommentServiceTest" time="0.004"/>
  <testcase name="testUpdateComment on testUpdateComment(CommentServiceTest)" classname="CommentServiceTest" time="0.007"/>
  <testcase name="testGetUsersWhoDislikedComment on testGetUsersWhoDislikedComment(CommentServiceTest)" classname="CommentServiceTest" time="0.002"/>
  <testcase name="testGetReplies on testGetReplies(CommentServiceTest)" classname="CommentServiceTest" time="0.004"/>
  <testcase name="testLikeComment on testLikeComment(CommentServiceTest)" classname="CommentServiceTest" time="0.002"/>
  <testcase name="testAddComment on testAddComment(CommentServiceTest)" classname="CommentServiceTest" time="0.005"/>
  <testcase name="testGetUsersWhoLikedComment on testGetUsersWhoLikedComment(CommentControllerTest)" classname="CommentControllerTest" time="0.189"/>
  <testcase name="testDislikeComment on testDislikeComment(CommentControllerTest)" classname="CommentControllerTest" time="0.002"/>
  <testcase name="testUpdateComment_NotFound on testUpdateComment_NotFound(CommentControllerTest)" classname="CommentControllerTest" time="0.001"/>
  <testcase name="testGetComments on testGetComments(CommentControllerTest)" classname="CommentControllerTest" time="0.001"/>
  <testcase name="testUpdateComment on testUpdateComment(CommentControllerTest)" classname="CommentControllerTest" time="0.001"/>
  <testcase name="testGetUsersWhoDislikedComment on testGetUsersWhoDislikedComment(CommentControllerTest)" classname="CommentControllerTest" time="0.003"/>
  <testcase name="testGetReplies on testGetReplies(CommentControllerTest)" classname="CommentControllerTest" time="0.001"/>
  <testcase name="testLikeComment on testLikeComment(CommentControllerTest)" classname="CommentControllerTest" time="0"/>
  <testcase name="testAddComment on testAddComment(CommentControllerTest)" classname="CommentControllerTest" time="0.001"/>
</testsuite>